-outxml
-source
1.6
-target
1.6
-classpath
C:\Users\Никита\.m2\repository\antlr\antlr\2.7.6\antlr-2.7.6.jar;C:\Users\Никита\.m2\repository\aopalliance\aopalliance\1.0\aopalliance-1.0.jar;C:\Users\Никита\.m2\repository\asm\asm\1.5.3\asm-1.5.3.jar;C:\Users\Никита\.m2\repository\asm\asm-attrs\1.5.3\asm-attrs-1.5.3.jar;C:\Users\Никита\.m2\repository\cglib\cglib\2.1_3\cglib-2.1_3.jar;C:\Users\Никита\.m2\repository\commons-collections\commons-collections\3.1\commons-collections-3.1.jar;C:\Users\Никита\.m2\repository\commons-logging\commons-logging\1.0.4\commons-logging-1.0.4.jar;C:\Users\Никита\.m2\repository\dom4j\dom4j\1.6.1\dom4j-1.6.1.jar;C:\Users\Никита\.m2\repository\javax\inject\javax.inject\1\javax.inject-1.jar;C:\Users\Никита\.m2\repository\javax\persistence\persistence-api\1.0\persistence-api-1.0.jar;C:\Users\Никита\.m2\repository\javax\servlet\jstl\1.2\jstl-1.2.jar;C:\Users\Никита\.m2\repository\javax\servlet\servlet-api\2.5\servlet-api-2.5.jar;C:\Users\Никита\.m2\repository\javax\servlet\jsp\jsp-api\2.1\jsp-api-2.1.jar;C:\Users\Никита\.m2\repository\javax\transaction\jta\1.1\jta-1.1.jar;C:\Users\Никита\.m2\repository\mysql\mysql-connector-java\5.1.6\mysql-connector-java-5.1.6.jar;C:\Users\Никита\.m2\repository\net\sf\ehcache\ehcache\1.2.3\ehcache-1.2.3.jar;C:\Users\Никита\.m2\repository\org\aspectj\aspectjrt\1.8.5\aspectjrt-1.8.5.jar;C:\Users\Никита\.m2\repository\org\aspectj\aspectjweaver\1.6.8\aspectjweaver-1.6.8.jar;C:\Users\Никита\.m2\repository\org\hibernate\ejb3-persistence\1.0.1.GA\ejb3-persistence-1.0.1.GA.jar;C:\Users\Никита\.m2\repository\org\hibernate\hibernate\3.2.6.ga\hibernate-3.2.6.ga.jar;C:\Users\Никита\.m2\repository\org\hibernate\hibernate-annotations\3.3.1.GA\hibernate-annotations-3.3.1.GA.jar;C:\Users\Никита\.m2\repository\org\hibernate\hibernate-commons-annotations\3.3.0.ga\hibernate-commons-annotations-3.3.0.ga.jar;C:\Users\Никита\.m2\repository\org\hibernate\hibernate-core\3.3.2.GA\hibernate-core-3.3.2.GA.jar;C:\Users\Никита\.m2\repository\org\slf4j\slf4j-api\1.5.10\slf4j-api-1.5.10.jar;C:\Users\Никита\.m2\repository\org\springframework\spring-aop\3.0.5.RELEASE\spring-aop-3.0.5.RELEASE.jar;C:\Users\Никита\.m2\repository\org\springframework\spring-asm\3.0.5.RELEASE\spring-asm-3.0.5.RELEASE.jar;C:\Users\Никита\.m2\repository\org\springframework\spring-beans\3.0.5.RELEASE\spring-beans-3.0.5.RELEASE.jar;C:\Users\Никита\.m2\repository\org\springframework\spring-context\3.0.5.RELEASE\spring-context-3.0.5.RELEASE.jar;C:\Users\Никита\.m2\repository\org\springframework\spring-context-support\3.0.5.RELEASE\spring-context-support-3.0.5.RELEASE.jar;C:\Users\Никита\.m2\repository\org\springframework\spring-core\3.0.5.RELEASE\spring-core-3.0.5.RELEASE.jar;C:\Users\Никита\.m2\repository\org\springframework\spring-expression\3.0.5.RELEASE\spring-expression-3.0.5.RELEASE.jar;C:\Users\Никита\.m2\repository\org\springframework\spring-jdbc\3.0.5.RELEASE\spring-jdbc-3.0.5.RELEASE.jar;C:\Users\Никита\.m2\repository\org\springframework\spring-orm\3.0.5.RELEASE\spring-orm-3.0.5.RELEASE.jar;C:\Users\Никита\.m2\repository\org\springframework\spring-tx\3.0.5.RELEASE\spring-tx-3.0.5.RELEASE.jar;C:\Users\Никита\.m2\repository\org\springframework\spring-web\3.0.5.RELEASE\spring-web-3.0.5.RELEASE.jar;C:\Users\Никита\.m2\repository\org\springframework\spring-webmvc\3.0.5.RELEASE\spring-webmvc-3.0.5.RELEASE.jar;C:\Users\Никита\.m2\repository\org\springframework\roo\org.springframework.roo.annotations\1.0.2.RELEASE\org.springframework.roo.annotations-1.0.2.RELEASE.jar;C:\Users\Никита\.m2\repository\org\springframework\security\spring-security-config\3.0.5.RELEASE\spring-security-config-3.0.5.RELEASE.jar;C:\Users\Никита\.m2\repository\org\springframework\security\spring-security-core\3.0.5.RELEASE\spring-security-core-3.0.5.RELEASE.jar;C:\Users\Никита\.m2\repository\org\springframework\security\spring-security-web\3.0.5.RELEASE\spring-security-web-3.0.5.RELEASE.jar;C:\Users\Никита\.m2\repository\xml-apis\xml-apis\1.0.b2\xml-apis-1.0.b2.jar;E:\Nikita\ContactManager\target\classes
-d
E:\Nikita\ContactManager\target\classes
E:\Nikita\ContactManager\src\main\java\com\netcracker\domain\Recipe.java
E:\Nikita\ContactManager\src\main\java\com\netcracker\service\CategoryService.java
E:\Nikita\ContactManager\src\main\java\com\netcracker\domain\Composition.java
E:\Nikita\ContactManager\src\main\java\com\netcracker\service\RecipeServiceImpl.java
E:\Nikita\ContactManager\src\main\java\com\netcracker\domain\Comment.java
E:\Nikita\ContactManager\src\main\java\com\netcracker\dao\RecipeDAO.java
E:\Nikita\ContactManager\src\main\java\com\netcracker\service\TimeService.java
E:\Nikita\ContactManager\src\main\java\com\netcracker\dao\CommentDAO.java
E:\Nikita\ContactManager\src\main\java\com\netcracker\dao\IngredientDAO.java
E:\Nikita\ContactManager\src\main\java\com\netcracker\service\CommentServiceImpl.java
E:\Nikita\ContactManager\src\main\java\com\netcracker\web\ContactController.java
E:\Nikita\ContactManager\src\main\java\com\netcracker\service\IngredientService.java
E:\Nikita\ContactManager\src\main\java\com\netcracker\dao\CuisineDAO.java
E:\Nikita\ContactManager\src\main\java\com\netcracker\dao\CategoryDAOImpl.java
E:\Nikita\ContactManager\src\main\java\com\netcracker\service\CategoryServiceImpl.java
E:\Nikita\ContactManager\src\main\java\com\netcracker\service\ContactServiceImpl.java
E:\Nikita\ContactManager\src\main\java\com\netcracker\service\CompositionServiceImpl.java
E:\Nikita\ContactManager\src\main\java\com\netcracker\service\CuisineService.java
E:\Nikita\ContactManager\src\main\java\com\netcracker\dao\CookMethodDAO.java
E:\Nikita\ContactManager\src\main\java\com\netcracker\service\CompositionService.java
E:\Nikita\ContactManager\src\main\java\com\netcracker\dao\CategoryDAO.java
E:\Nikita\ContactManager\src\main\java\com\netcracker\dao\CompositionDAO.java
E:\Nikita\ContactManager\src\main\java\com\netcracker\service\ContactService.java
E:\Nikita\ContactManager\src\main\java\com\netcracker\dao\CompositionDAOImpl.java
E:\Nikita\ContactManager\src\main\java\com\netcracker\dao\CommentDAOImpl.java
E:\Nikita\ContactManager\src\main\java\com\netcracker\dao\ContactDAO.java
E:\Nikita\ContactManager\src\main\java\com\netcracker\dao\TimeDAOImpl.java
E:\Nikita\ContactManager\src\main\java\com\netcracker\domain\CookMethod.java
E:\Nikita\ContactManager\src\main\java\com\netcracker\dao\RecipeDAOImpl.java
E:\Nikita\ContactManager\src\main\java\com\netcracker\service\CookMethodServiceImpl.java
E:\Nikita\ContactManager\src\main\java\com\netcracker\dao\BaseDAO.java
E:\Nikita\ContactManager\src\main\java\com\netcracker\domain\Contact.java
E:\Nikita\ContactManager\src\main\java\com\netcracker\service\RecipeService.java
E:\Nikita\ContactManager\src\main\java\com\netcracker\service\TimeServiceImpl.java
E:\Nikita\ContactManager\src\main\java\com\netcracker\dao\CookMethodDAOImpl.java
E:\Nikita\ContactManager\src\main\java\com\netcracker\dao\ContactDAOImpl.java
E:\Nikita\ContactManager\src\main\java\com\netcracker\dao\TimeDAO.java
E:\Nikita\ContactManager\src\main\java\com\netcracker\service\IngredientServiceImpl.java
E:\Nikita\ContactManager\src\main\java\com\netcracker\dao\BaseDAOImpl.java
E:\Nikita\ContactManager\src\main\java\com\netcracker\dao\CuisineDAOImpl.java
E:\Nikita\ContactManager\src\main\java\com\netcracker\service\CuisineServiceImpl.java
E:\Nikita\ContactManager\src\main\java\com\netcracker\service\CookMethodService.java
E:\Nikita\ContactManager\src\main\java\com\netcracker\dao\IngredientDAOImpl.java
E:\Nikita\ContactManager\src\main\java\com\netcracker\service\CommentService.java
E:\Nikita\ContactManager\src\main\java\com\netcracker\domain\Ingredient.java
E:\Nikita\ContactManager\src\main\java\com\netcracker\domain\Cuisine.java
E:\Nikita\ContactManager\src\main\java\com\netcracker\domain\Time.java
E:\Nikita\ContactManager\src\main\java\com\netcracker\domain\Category.java
